2023-01-12 09:15:30.901 | DEBUG    | __main__:get_categories:34 - Начинаю собирать ссылки
2023-01-12 09:15:32.742 | DEBUG    | __main__:get_categories:38 - Собрал 5 ссылок
2023-01-12 09:15:32.743 | DEBUG    | __main__:get_pagination:41 - Собираю пагинации
2023-01-12 09:15:36.278 | DEBUG    | __main__:get_pagination:46 - Собрал 20 ссылок
2023-01-12 09:15:36.279 | INFO     | __main__:print_result:49 - 0
2023-01-12 09:15:36.280 | DEBUG    | __main__:start_parsing:75 - Запускаю парсер
2023-01-12 09:16:04.049 | DEBUG    | __main__:get_categories:34 - Начинаю собирать ссылки
2023-01-12 09:16:05.004 | DEBUG    | __main__:get_categories:38 - Собрал 5 ссылок
2023-01-12 09:16:05.005 | DEBUG    | __main__:get_pagination:41 - Собираю пагинации
2023-01-12 09:16:09.341 | DEBUG    | __main__:get_pagination:46 - Собрал 20 ссылок
2023-01-12 09:16:09.341 | INFO     | __main__:print_result:49 - 0
2023-01-12 09:16:09.341 | DEBUG    | __main__:start_parsing:75 - Запускаю парсер
2023-01-12 09:18:20.393 | DEBUG    | __main__:get_categories:34 - Начинаю собирать ссылки
2023-01-12 09:18:21.071 | DEBUG    | __main__:get_categories:38 - Собрал 5 ссылок
2023-01-12 09:18:21.071 | DEBUG    | __main__:get_pagination:41 - Собираю пагинации
2023-01-12 09:18:27.018 | DEBUG    | __main__:get_pagination:46 - Собрал 20 ссылок
2023-01-12 09:18:27.018 | INFO     | __main__:print_result:49 - 0
2023-01-12 09:18:27.019 | DEBUG    | __main__:start_parsing:75 - Запускаю парсер
2023-01-12 09:22:12.773 | DEBUG    | __main__:get_categories:34 - Начинаю собирать ссылки
2023-01-12 09:22:13.442 | DEBUG    | __main__:get_categories:38 - Собрал 5 ссылок
2023-01-12 09:22:13.442 | DEBUG    | __main__:get_pagination:41 - Собираю пагинации
2023-01-12 09:22:16.835 | DEBUG    | __main__:get_pagination:46 - Собрал 20 ссылок
2023-01-12 09:22:16.836 | INFO     | __main__:print_result:49 - 0
2023-01-12 09:22:16.836 | DEBUG    | __main__:start_parsing:76 - Запускаю парсер
2023-01-12 09:23:12.664 | DEBUG    | __main__:get_categories:34 - Начинаю собирать ссылки
2023-01-12 09:23:13.346 | DEBUG    | __main__:get_categories:38 - Собрал 5 ссылок
2023-01-12 09:23:13.346 | DEBUG    | __main__:get_pagination:41 - Собираю пагинации
2023-01-12 09:23:16.890 | DEBUG    | __main__:get_pagination:46 - Собрал 20 ссылок
2023-01-12 09:23:16.891 | DEBUG    | __main__:start_parsing:76 - Запускаю парсер
2023-01-12 09:23:16.891 | DEBUG    | __main__:get_links:64 - В асинхронной части, собираю ссылки
2023-01-12 09:23:16.905 | DEBUG    | __main__:get_links:64 - В асинхронной части, собираю ссылки
2023-01-12 09:23:16.906 | DEBUG    | __main__:get_links:64 - В асинхронной части, собираю ссылки
2023-01-12 09:23:16.906 | DEBUG    | __main__:get_links:64 - В асинхронной части, собираю ссылки
2023-01-12 09:23:16.906 | DEBUG    | __main__:get_links:64 - В асинхронной части, собираю ссылки
2023-01-12 09:23:16.907 | DEBUG    | __main__:get_links:64 - В асинхронной части, собираю ссылки
2023-01-12 09:23:16.907 | DEBUG    | __main__:get_links:64 - В асинхронной части, собираю ссылки
2023-01-12 09:23:16.907 | DEBUG    | __main__:get_links:64 - В асинхронной части, собираю ссылки
2023-01-12 09:23:16.908 | DEBUG    | __main__:get_links:64 - В асинхронной части, собираю ссылки
2023-01-12 09:23:16.908 | DEBUG    | __main__:get_links:64 - В асинхронной части, собираю ссылки
2023-01-12 09:23:16.908 | DEBUG    | __main__:get_links:64 - В асинхронной части, собираю ссылки
2023-01-12 09:23:16.909 | DEBUG    | __main__:get_links:64 - В асинхронной части, собираю ссылки
2023-01-12 09:23:16.909 | DEBUG    | __main__:get_links:64 - В асинхронной части, собираю ссылки
2023-01-12 09:23:16.909 | DEBUG    | __main__:get_links:64 - В асинхронной части, собираю ссылки
2023-01-12 09:23:16.910 | DEBUG    | __main__:get_links:64 - В асинхронной части, собираю ссылки
2023-01-12 09:23:16.910 | DEBUG    | __main__:get_links:64 - В асинхронной части, собираю ссылки
2023-01-12 09:23:16.910 | DEBUG    | __main__:get_links:64 - В асинхронной части, собираю ссылки
2023-01-12 09:23:16.911 | DEBUG    | __main__:get_links:64 - В асинхронной части, собираю ссылки
2023-01-12 09:23:16.911 | DEBUG    | __main__:get_links:64 - В асинхронной части, собираю ссылки
2023-01-12 09:23:16.912 | DEBUG    | __main__:get_links:64 - В асинхронной части, собираю ссылки
2023-01-12 09:24:23.056 | DEBUG    | __main__:get_categories:34 - Начинаю собирать ссылки
2023-01-12 09:24:23.725 | DEBUG    | __main__:get_categories:38 - Собрал 5 ссылок
2023-01-12 09:24:23.725 | DEBUG    | __main__:get_pagination:41 - Собираю пагинации
2023-01-12 09:24:27.073 | DEBUG    | __main__:get_pagination:46 - Собрал 20 ссылок
2023-01-12 09:24:27.074 | DEBUG    | __main__:start_parsing:76 - Запускаю парсер
2023-01-12 09:24:27.075 | DEBUG    | __main__:get_links:64 - В асинхронной части, собираю ссылки
2023-01-12 09:24:27.079 | DEBUG    | __main__:get_links:64 - В асинхронной части, собираю ссылки
2023-01-12 09:24:27.079 | DEBUG    | __main__:get_links:64 - В асинхронной части, собираю ссылки
2023-01-12 09:24:27.079 | DEBUG    | __main__:get_links:64 - В асинхронной части, собираю ссылки
2023-01-12 09:24:27.079 | DEBUG    | __main__:get_links:64 - В асинхронной части, собираю ссылки
2023-01-12 09:24:27.079 | DEBUG    | __main__:get_links:64 - В асинхронной части, собираю ссылки
2023-01-12 09:24:27.080 | DEBUG    | __main__:get_links:64 - В асинхронной части, собираю ссылки
2023-01-12 09:24:27.080 | DEBUG    | __main__:get_links:64 - В асинхронной части, собираю ссылки
2023-01-12 09:24:27.080 | DEBUG    | __main__:get_links:64 - В асинхронной части, собираю ссылки
2023-01-12 09:24:27.080 | DEBUG    | __main__:get_links:64 - В асинхронной части, собираю ссылки
2023-01-12 09:24:27.080 | DEBUG    | __main__:get_links:64 - В асинхронной части, собираю ссылки
2023-01-12 09:24:27.080 | DEBUG    | __main__:get_links:64 - В асинхронной части, собираю ссылки
2023-01-12 09:24:27.081 | DEBUG    | __main__:get_links:64 - В асинхронной части, собираю ссылки
2023-01-12 09:24:27.081 | DEBUG    | __main__:get_links:64 - В асинхронной части, собираю ссылки
2023-01-12 09:24:27.081 | DEBUG    | __main__:get_links:64 - В асинхронной части, собираю ссылки
2023-01-12 09:24:27.081 | DEBUG    | __main__:get_links:64 - В асинхронной части, собираю ссылки
2023-01-12 09:24:27.081 | DEBUG    | __main__:get_links:64 - В асинхронной части, собираю ссылки
2023-01-12 09:24:27.081 | DEBUG    | __main__:get_links:64 - В асинхронной части, собираю ссылки
2023-01-12 09:24:27.082 | DEBUG    | __main__:get_links:64 - В асинхронной части, собираю ссылки
2023-01-12 09:24:27.082 | DEBUG    | __main__:get_links:64 - В асинхронной части, собираю ссылки
2023-01-12 09:24:49.212 | DEBUG    | __main__:get_categories:34 - Начинаю собирать ссылки
2023-01-12 09:24:49.887 | DEBUG    | __main__:get_categories:38 - Собрал 5 ссылок
2023-01-12 09:24:49.887 | DEBUG    | __main__:get_pagination:41 - Собираю пагинации
2023-01-12 09:24:53.754 | DEBUG    | __main__:get_pagination:46 - Собрал 20 ссылок
2023-01-12 09:24:53.755 | DEBUG    | __main__:start_parsing:76 - Запускаю парсер
2023-01-12 09:24:53.755 | DEBUG    | __main__:get_links:64 - В асинхронной части, собираю ссылки
2023-01-12 09:24:53.763 | DEBUG    | __main__:get_links:64 - В асинхронной части, собираю ссылки
2023-01-12 09:24:53.763 | DEBUG    | __main__:get_links:64 - В асинхронной части, собираю ссылки
2023-01-12 09:24:53.764 | DEBUG    | __main__:get_links:64 - В асинхронной части, собираю ссылки
2023-01-12 09:24:53.764 | DEBUG    | __main__:get_links:64 - В асинхронной части, собираю ссылки
2023-01-12 09:24:53.764 | DEBUG    | __main__:get_links:64 - В асинхронной части, собираю ссылки
2023-01-12 09:24:53.765 | DEBUG    | __main__:get_links:64 - В асинхронной части, собираю ссылки
2023-01-12 09:24:53.765 | DEBUG    | __main__:get_links:64 - В асинхронной части, собираю ссылки
2023-01-12 09:24:53.766 | DEBUG    | __main__:get_links:64 - В асинхронной части, собираю ссылки
2023-01-12 09:24:53.766 | DEBUG    | __main__:get_links:64 - В асинхронной части, собираю ссылки
2023-01-12 09:24:53.766 | DEBUG    | __main__:get_links:64 - В асинхронной части, собираю ссылки
2023-01-12 09:24:53.767 | DEBUG    | __main__:get_links:64 - В асинхронной части, собираю ссылки
2023-01-12 09:24:53.767 | DEBUG    | __main__:get_links:64 - В асинхронной части, собираю ссылки
2023-01-12 09:24:53.767 | DEBUG    | __main__:get_links:64 - В асинхронной части, собираю ссылки
2023-01-12 09:24:53.768 | DEBUG    | __main__:get_links:64 - В асинхронной части, собираю ссылки
2023-01-12 09:24:53.768 | DEBUG    | __main__:get_links:64 - В асинхронной части, собираю ссылки
2023-01-12 09:24:53.769 | DEBUG    | __main__:get_links:64 - В асинхронной части, собираю ссылки
2023-01-12 09:24:53.769 | DEBUG    | __main__:get_links:64 - В асинхронной части, собираю ссылки
2023-01-12 09:24:53.770 | DEBUG    | __main__:get_links:64 - В асинхронной части, собираю ссылки
2023-01-12 09:24:53.770 | DEBUG    | __main__:get_links:64 - В асинхронной части, собираю ссылки
2023-01-12 09:24:56.323 | INFO     | __main__:print_result:49 - -3496161
